<?xml version="1.0" encoding="UTF-8"?>
<testsuite xmlns:xsi="http://www.w3.org/2001/XMLSchema-instance" xsi:noNamespaceSchemaLocation="https://maven.apache.org/surefire/maven-surefire-plugin/xsd/surefire-test-report-3.0.xsd" version="3.0" name="TestSuite" time="4.553" tests="2" errors="0" skipped="0" failures="0">
  <properties>
    <property name="sun.desktop" value="windows"/>
    <property name="awt.toolkit" value="sun.awt.windows.WToolkit"/>
    <property name="java.specification.version" value="11"/>
    <property name="sun.cpu.isalist" value="amd64"/>
    <property name="sun.jnu.encoding" value="Cp1250"/>
    <property name="java.class.path" value="c:\code\javastart_restassured\target\test-classes;c:\code\javastart_restassured\target\classes;C:\Users\vlcnh\.m2\repository\io\rest-assured\rest-assured\4.3.0\rest-assured-4.3.0.jar;C:\Users\vlcnh\.m2\repository\org\codehaus\groovy\groovy\3.0.2\groovy-3.0.2.jar;C:\Users\vlcnh\.m2\repository\org\codehaus\groovy\groovy-xml\3.0.2\groovy-xml-3.0.2.jar;C:\Users\vlcnh\.m2\repository\org\apache\httpcomponents\httpclient\4.5.3\httpclient-4.5.3.jar;C:\Users\vlcnh\.m2\repository\org\apache\httpcomponents\httpcore\4.4.6\httpcore-4.4.6.jar;C:\Users\vlcnh\.m2\repository\commons-logging\commons-logging\1.2\commons-logging-1.2.jar;C:\Users\vlcnh\.m2\repository\commons-codec\commons-codec\1.9\commons-codec-1.9.jar;C:\Users\vlcnh\.m2\repository\org\apache\httpcomponents\httpmime\4.5.3\httpmime-4.5.3.jar;C:\Users\vlcnh\.m2\repository\org\hamcrest\hamcrest\2.1\hamcrest-2.1.jar;C:\Users\vlcnh\.m2\repository\org\ccil\cowan\tagsoup\tagsoup\1.2.1\tagsoup-1.2.1.jar;C:\Users\vlcnh\.m2\repository\io\rest-assured\json-path\4.3.0\json-path-4.3.0.jar;C:\Users\vlcnh\.m2\repository\org\codehaus\groovy\groovy-json\3.0.2\groovy-json-3.0.2.jar;C:\Users\vlcnh\.m2\repository\io\rest-assured\rest-assured-common\4.3.0\rest-assured-common-4.3.0.jar;C:\Users\vlcnh\.m2\repository\io\rest-assured\xml-path\4.3.0\xml-path-4.3.0.jar;C:\Users\vlcnh\.m2\repository\org\apache\commons\commons-lang3\3.4\commons-lang3-3.4.jar;C:\Users\vlcnh\.m2\repository\jakarta\xml\bind\jakarta.xml.bind-api\2.3.2\jakarta.xml.bind-api-2.3.2.jar;C:\Users\vlcnh\.m2\repository\jakarta\activation\jakarta.activation-api\1.2.1\jakarta.activation-api-1.2.1.jar;C:\Users\vlcnh\.m2\repository\com\sun\xml\bind\jaxb-osgi\2.3.0.1\jaxb-osgi-2.3.0.1.jar;C:\Users\vlcnh\.m2\repository\org\apache\sling\org.apache.sling.javax.activation\0.1.0\org.apache.sling.javax.activation-0.1.0.jar;C:\Users\vlcnh\.m2\repository\javax\activation\activation\1.1.1\activation-1.1.1.jar;C:\Users\vlcnh\.m2\repository\org\testng\testng\7.1.0\testng-7.1.0.jar;C:\Users\vlcnh\.m2\repository\com\beust\jcommander\1.72\jcommander-1.72.jar;C:\Users\vlcnh\.m2\repository\com\google\inject\guice\4.1.0\guice-4.1.0-no_aop.jar;C:\Users\vlcnh\.m2\repository\javax\inject\javax.inject\1\javax.inject-1.jar;C:\Users\vlcnh\.m2\repository\aopalliance\aopalliance\1.0\aopalliance-1.0.jar;C:\Users\vlcnh\.m2\repository\com\google\guava\guava\19.0\guava-19.0.jar;C:\Users\vlcnh\.m2\repository\org\yaml\snakeyaml\1.21\snakeyaml-1.21.jar;C:\Users\vlcnh\.m2\repository\org\projectlombok\lombok\1.18.22\lombok-1.18.22.jar;C:\Users\vlcnh\.m2\repository\com\fasterxml\jackson\core\jackson-databind\2.13.0\jackson-databind-2.13.0.jar;C:\Users\vlcnh\.m2\repository\com\fasterxml\jackson\core\jackson-annotations\2.13.0\jackson-annotations-2.13.0.jar;C:\Users\vlcnh\.m2\repository\com\fasterxml\jackson\core\jackson-core\2.13.0\jackson-core-2.13.0.jar;C:\Users\vlcnh\.m2\repository\org\assertj\assertj-core\3.11.1\assertj-core-3.11.1.jar;"/>
    <property name="java.vm.vendor" value="Oracle Corporation"/>
    <property name="sun.arch.data.model" value="64"/>
    <property name="user.variant" value=""/>
    <property name="java.vendor.url" value="https://openjdk.java.net/"/>
    <property name="user.timezone" value="Europe/Belgrade"/>
    <property name="java.vm.specification.version" value="11"/>
    <property name="os.name" value="Windows 10"/>
    <property name="sun.java.launcher" value="SUN_STANDARD"/>
    <property name="user.country" value="PL"/>
    <property name="sun.boot.library.path" value="C:\Program Files\Java\jdk-11.0.12\bin"/>
    <property name="sun.java.command" value="C:\Users\vlcnh\AppData\Local\Temp\surefire12477030015957104191\surefirebooter11214871997498833399.jar C:\Users\vlcnh\AppData\Local\Temp\surefire12477030015957104191 2021-12-08T20-54-12_647-jvmRun1 surefire16904683429367842361tmp surefire_01615135743417263110tmp"/>
    <property name="jdk.debug" value="release"/>
    <property name="surefire.test.class.path" value="c:\code\javastart_restassured\target\test-classes;c:\code\javastart_restassured\target\classes;C:\Users\vlcnh\.m2\repository\io\rest-assured\rest-assured\4.3.0\rest-assured-4.3.0.jar;C:\Users\vlcnh\.m2\repository\org\codehaus\groovy\groovy\3.0.2\groovy-3.0.2.jar;C:\Users\vlcnh\.m2\repository\org\codehaus\groovy\groovy-xml\3.0.2\groovy-xml-3.0.2.jar;C:\Users\vlcnh\.m2\repository\org\apache\httpcomponents\httpclient\4.5.3\httpclient-4.5.3.jar;C:\Users\vlcnh\.m2\repository\org\apache\httpcomponents\httpcore\4.4.6\httpcore-4.4.6.jar;C:\Users\vlcnh\.m2\repository\commons-logging\commons-logging\1.2\commons-logging-1.2.jar;C:\Users\vlcnh\.m2\repository\commons-codec\commons-codec\1.9\commons-codec-1.9.jar;C:\Users\vlcnh\.m2\repository\org\apache\httpcomponents\httpmime\4.5.3\httpmime-4.5.3.jar;C:\Users\vlcnh\.m2\repository\org\hamcrest\hamcrest\2.1\hamcrest-2.1.jar;C:\Users\vlcnh\.m2\repository\org\ccil\cowan\tagsoup\tagsoup\1.2.1\tagsoup-1.2.1.jar;C:\Users\vlcnh\.m2\repository\io\rest-assured\json-path\4.3.0\json-path-4.3.0.jar;C:\Users\vlcnh\.m2\repository\org\codehaus\groovy\groovy-json\3.0.2\groovy-json-3.0.2.jar;C:\Users\vlcnh\.m2\repository\io\rest-assured\rest-assured-common\4.3.0\rest-assured-common-4.3.0.jar;C:\Users\vlcnh\.m2\repository\io\rest-assured\xml-path\4.3.0\xml-path-4.3.0.jar;C:\Users\vlcnh\.m2\repository\org\apache\commons\commons-lang3\3.4\commons-lang3-3.4.jar;C:\Users\vlcnh\.m2\repository\jakarta\xml\bind\jakarta.xml.bind-api\2.3.2\jakarta.xml.bind-api-2.3.2.jar;C:\Users\vlcnh\.m2\repository\jakarta\activation\jakarta.activation-api\1.2.1\jakarta.activation-api-1.2.1.jar;C:\Users\vlcnh\.m2\repository\com\sun\xml\bind\jaxb-osgi\2.3.0.1\jaxb-osgi-2.3.0.1.jar;C:\Users\vlcnh\.m2\repository\org\apache\sling\org.apache.sling.javax.activation\0.1.0\org.apache.sling.javax.activation-0.1.0.jar;C:\Users\vlcnh\.m2\repository\javax\activation\activation\1.1.1\activation-1.1.1.jar;C:\Users\vlcnh\.m2\repository\org\testng\testng\7.1.0\testng-7.1.0.jar;C:\Users\vlcnh\.m2\repository\com\beust\jcommander\1.72\jcommander-1.72.jar;C:\Users\vlcnh\.m2\repository\com\google\inject\guice\4.1.0\guice-4.1.0-no_aop.jar;C:\Users\vlcnh\.m2\repository\javax\inject\javax.inject\1\javax.inject-1.jar;C:\Users\vlcnh\.m2\repository\aopalliance\aopalliance\1.0\aopalliance-1.0.jar;C:\Users\vlcnh\.m2\repository\com\google\guava\guava\19.0\guava-19.0.jar;C:\Users\vlcnh\.m2\repository\org\yaml\snakeyaml\1.21\snakeyaml-1.21.jar;C:\Users\vlcnh\.m2\repository\org\projectlombok\lombok\1.18.22\lombok-1.18.22.jar;C:\Users\vlcnh\.m2\repository\com\fasterxml\jackson\core\jackson-databind\2.13.0\jackson-databind-2.13.0.jar;C:\Users\vlcnh\.m2\repository\com\fasterxml\jackson\core\jackson-annotations\2.13.0\jackson-annotations-2.13.0.jar;C:\Users\vlcnh\.m2\repository\com\fasterxml\jackson\core\jackson-core\2.13.0\jackson-core-2.13.0.jar;C:\Users\vlcnh\.m2\repository\org\assertj\assertj-core\3.11.1\assertj-core-3.11.1.jar;"/>
    <property name="sun.cpu.endian" value="little"/>
    <property name="user.home" value="C:\Users\vlcnh"/>
    <property name="user.language" value="pl"/>
    <property name="java.specification.vendor" value="Oracle Corporation"/>
    <property name="java.version.date" value="2021-07-20"/>
    <property name="java.home" value="C:\Program Files\Java\jdk-11.0.12"/>
    <property name="file.separator" value="\"/>
    <property name="basedir" value="c:\code\javastart_restassured"/>
    <property name="java.vm.compressedOopsMode" value="32-bit"/>
    <property name="line.separator" value="&#10;"/>
    <property name="java.specification.name" value="Java Platform API Specification"/>
    <property name="java.vm.specification.vendor" value="Oracle Corporation"/>
    <property name="java.awt.graphicsenv" value="sun.awt.Win32GraphicsEnvironment"/>
    <property name="surefire.real.class.path" value="C:\Users\vlcnh\AppData\Local\Temp\surefire12477030015957104191\surefirebooter11214871997498833399.jar"/>
    <property name="user.script" value=""/>
    <property name="sun.management.compiler" value="HotSpot 64-Bit Tiered Compilers"/>
    <property name="java.runtime.version" value="11.0.12+8-LTS-237"/>
    <property name="user.name" value="vlcnh"/>
    <property name="path.separator" value=";"/>
    <property name="os.version" value="10.0"/>
    <property name="java.runtime.name" value="Java(TM) SE Runtime Environment"/>
    <property name="file.encoding" value="Cp1250"/>
    <property name="java.vm.name" value="Java HotSpot(TM) 64-Bit Server VM"/>
    <property name="java.vendor.version" value="18.9"/>
    <property name="localRepository" value="C:\Users\vlcnh\.m2\repository"/>
    <property name="java.vendor.url.bug" value="https://bugreport.java.com/bugreport/"/>
    <property name="java.io.tmpdir" value="C:\Users\vlcnh\AppData\Local\Temp\"/>
    <property name="java.version" value="11.0.12"/>
    <property name="user.dir" value="c:\code\javastart_restassured"/>
    <property name="os.arch" value="amd64"/>
    <property name="java.vm.specification.name" value="Java Virtual Machine Specification"/>
    <property name="java.awt.printerjob" value="sun.awt.windows.WPrinterJob"/>
    <property name="sun.os.patch.level" value=""/>
    <property name="java.library.path" value="C:\Program Files\Java\jdk-11.0.12\bin;C:\WINDOWS\Sun\Java\bin;C:\WINDOWS\system32;C:\WINDOWS;C:\Program Files (x86)\Common Files\Oracle\Java\javapath;C:\WINDOWS\system32;C:\WINDOWS;C:\WINDOWS\System32\Wbem;C:\WINDOWS\System32\WindowsPowerShell\v1.0\;C:\WINDOWS\System32\OpenSSH\;C:\Program Files\Java\jdk-11.0.12\\bin;C:\Program Files\Intel\WiFi\bin\;C:\Program Files\Common Files\Intel\WirelessCommon\;C:\Program Files (x86)\Intel\Intel(R) Management Engine Components\DAL;C:\Program Files\Intel\Intel(R) Management Engine Components\DAL;C:\Program Files\Git\cmd;C:\Maven\apache-maven-3.8.4\bin;C:\Users\vlcnh\scoop\shims;C:\Users\vlcnh\AppData\Local\Microsoft\WindowsApps;C:\Users\vlcnh\AppData\Local\GitHubDesktop\bin;%USERPROFILE%\AppData\Local\Microsoft\WindowsApps;C:\Users\vlcnh\AppData\Local\Programs\Fiddler;."/>
    <property name="java.vendor" value="Oracle Corporation"/>
    <property name="java.vm.info" value="mixed mode"/>
    <property name="java.vm.version" value="11.0.12+8-LTS-237"/>
    <property name="sun.io.unicode.encoding" value="UnicodeLittle"/>
    <property name="java.class.version" value="55.0"/>
  </properties>
  <testcase name="givenCorrectUserDataWhenCreateUserThenUserIsCreatedTest" classname="pl.javastart.restassured.test.user.UserCreationTests" time="2.826">
    <system-out><![CDATA[Request method:	POST
Request URI:	https://swaggerpetstore.przyklady.javastart.pl/v2/user
Proxy:			<none>
Request params:	<none>
Query params:	<none>
Form params:	<none>
Path params:	<none>
Headers:		Accept=*/*
				Content-Type=application/json; charset=UTF-8
Cookies:		<none>
Multiparts:		<none>
Body:
{
    "id": 10,
    "username": "patkowicz",
    "firstName": "Patrycja",
    "lastName": "Ĺ»urnalska",
    "password": "13123@#123eqw",
    "email": "patka@test.com",
    "phone": "+123456789",
    "userStatus": 123
}
HTTP/1.1 200 OK
Server: openresty
Date: Wed, 08 Dec 2021 19:54:15 GMT
Content-Type: application/json
Transfer-Encoding: chunked
Connection: keep-alive
Access-Control-Allow-Origin: *
Access-Control-Allow-Methods: GET, POST, DELETE, PUT
Access-Control-Allow-Headers: Content-Type, api_key, Authorization
X-Served-By: swaggerpetstore.przyklady.javastart.pl

{
    "code": 200,
    "type": "unknown",
    "message": "10"
}
Request method:	GET
Request URI:	https://swaggerpetstore.przyklady.javastart.pl/v2/user/patkowicz
Proxy:			<none>
Request params:	<none>
Query params:	<none>
Form params:	<none>
Path params:	username=patkowicz
Headers:		Accept=*/*
				Content-Type=application/json; charset=UTF-8
Cookies:		<none>
Multiparts:		<none>
Body:			<none>
HTTP/1.1 200 OK
Server: openresty
Date: Wed, 08 Dec 2021 19:54:16 GMT
Content-Type: application/json
Transfer-Encoding: chunked
Connection: keep-alive
Access-Control-Allow-Origin: *
Access-Control-Allow-Methods: GET, POST, DELETE, PUT
Access-Control-Allow-Headers: Content-Type, api_key, Authorization
X-Served-By: swaggerpetstore.przyklady.javastart.pl

{
    "id": 10,
    "username": "patkowicz",
    "firstName": "Patrycja",
    "lastName": "Ĺ»urnalska",
    "email": "patka@test.com",
    "password": "13123@#123eqw",
    "phone": "+123456789",
    "userStatus": 123
}
]]></system-out>
  </testcase>
  <testcase name="givenCorrectUserDataWhenFirstNameLastNameAreUpdatedThenUserDataIsUpdatedTest" classname="pl.javastart.restassured.test.user.UserUpdateTests" time="0.523">
    <system-out><![CDATA[Request method:	POST
Request URI:	https://swaggerpetstore.przyklady.javastart.pl/v2/user
Proxy:			<none>
Request params:	<none>
Query params:	<none>
Form params:	<none>
Path params:	<none>
Headers:		Accept=*/*
				Content-Type=application/json; charset=UTF-8
Cookies:		<none>
Multiparts:		<none>
Body:
{
    "id": 10,
    "username": "EwelinaEwelka",
    "firstName": "Ewelina",
    "lastName": "Wicherska",
    "password": "qwerty",
    "email": "ewelka@test.com",
    "phone": "+123456789",
    "userStatus": 12
}
Request method:	POST
Request URI:	https://swaggerpetstore.przyklady.javastart.pl/v2/user
Proxy:			<none>
Request params:	<none>
Query params:	<none>
Form params:	<none>
Path params:	<none>
Headers:		Accept=*/*
				Content-Type=application/json; charset=UTF-8
Cookies:		<none>
Multiparts:		<none>
Body:
{
    "id": 10,
    "username": "EwelinaEwelka",
    "firstName": "Ewelina",
    "lastName": "Wicherska",
    "password": "qwerty",
    "email": "ewelka@test.com",
    "phone": "+123456789",
    "userStatus": 12
}
HTTP/1.1 200 OK
Server: openresty
Date: Wed, 08 Dec 2021 19:54:16 GMT
Content-Type: application/json
Transfer-Encoding: chunked
Connection: keep-alive
Access-Control-Allow-Origin: *
Access-Control-Allow-Methods: GET, POST, DELETE, PUT
Access-Control-Allow-Headers: Content-Type, api_key, Authorization
X-Served-By: swaggerpetstore.przyklady.javastart.pl

{
    "code": 200,
    "type": "unknown",
    "message": "10"
}
HTTP/1.1 200 OK
Server: openresty
Date: Wed, 08 Dec 2021 19:54:16 GMT
Content-Type: application/json
Transfer-Encoding: chunked
Connection: keep-alive
Access-Control-Allow-Origin: *
Access-Control-Allow-Methods: GET, POST, DELETE, PUT
Access-Control-Allow-Headers: Content-Type, api_key, Authorization
X-Served-By: swaggerpetstore.przyklady.javastart.pl

{
    "code": 200,
    "type": "unknown",
    "message": "10"
}
Request method:	PUT
Request URI:	https://swaggerpetstore.przyklady.javastart.pl/v2/user/EwelinaEwelka
Proxy:			<none>
Request params:	<none>
Query params:	<none>
Form params:	<none>
Path params:	username=EwelinaEwelka
Headers:		Accept=*/*
				Content-Type=application/json; charset=UTF-8
Cookies:		<none>
Multiparts:		<none>
Body:
{
    "id": 10,
    "username": "EwelinaEwelka",
    "firstName": "Ewa",
    "lastName": "Wicher",
    "password": "qwerty",
    "email": "ewelka@test.com",
    "phone": "+123456789",
    "userStatus": 12
}
Request method:	PUT
Request URI:	https://swaggerpetstore.przyklady.javastart.pl/v2/user/EwelinaEwelka
Proxy:			<none>
Request params:	<none>
Query params:	<none>
Form params:	<none>
Path params:	username=EwelinaEwelka
Headers:		Accept=*/*
				Content-Type=application/json; charset=UTF-8
Cookies:		<none>
Multiparts:		<none>
Body:
{
    "id": 10,
    "username": "EwelinaEwelka",
    "firstName": "Ewa",
    "lastName": "Wicher",
    "password": "qwerty",
    "email": "ewelka@test.com",
    "phone": "+123456789",
    "userStatus": 12
}
HTTP/1.1 200 OK
Server: openresty
Date: Wed, 08 Dec 2021 19:54:16 GMT
Content-Type: application/json
Transfer-Encoding: chunked
Connection: keep-alive
Access-Control-Allow-Origin: *
Access-Control-Allow-Methods: GET, POST, DELETE, PUT
Access-Control-Allow-Headers: Content-Type, api_key, Authorization
X-Served-By: swaggerpetstore.przyklady.javastart.pl

{
    "code": 200,
    "type": "unknown",
    "message": "10"
}
HTTP/1.1 200 OK
Server: openresty
Date: Wed, 08 Dec 2021 19:54:16 GMT
Content-Type: application/json
Transfer-Encoding: chunked
Connection: keep-alive
Access-Control-Allow-Origin: *
Access-Control-Allow-Methods: GET, POST, DELETE, PUT
Access-Control-Allow-Headers: Content-Type, api_key, Authorization
X-Served-By: swaggerpetstore.przyklady.javastart.pl

{
    "code": 200,
    "type": "unknown",
    "message": "10"
}
Request method:	GET
Request URI:	https://swaggerpetstore.przyklady.javastart.pl/v2/user/EwelinaEwelka
Proxy:			<none>
Request params:	<none>
Query params:	<none>
Form params:	<none>
Path params:	username=EwelinaEwelka
Headers:		Accept=*/*
				Content-Type=application/json; charset=UTF-8
Cookies:		<none>
Multiparts:		<none>
Body:			<none>
Request method:	GET
Request URI:	https://swaggerpetstore.przyklady.javastart.pl/v2/user/EwelinaEwelka
Proxy:			<none>
Request params:	<none>
Query params:	<none>
Form params:	<none>
Path params:	username=EwelinaEwelka
Headers:		Accept=*/*
				Content-Type=application/json; charset=UTF-8
Cookies:		<none>
Multiparts:		<none>
Body:			<none>
HTTP/1.1 200 OK
Server: openresty
Date: Wed, 08 Dec 2021 19:54:17 GMT
Content-Type: application/json
Transfer-Encoding: chunked
Connection: keep-alive
Access-Control-Allow-Origin: *
Access-Control-Allow-Methods: GET, POST, DELETE, PUT
Access-Control-Allow-Headers: Content-Type, api_key, Authorization
X-Served-By: swaggerpetstore.przyklady.javastart.pl

{
    "id": 10,
    "username": "EwelinaEwelka",
    "firstName": "Ewa",
    "lastName": "Wicher",
    "email": "ewelka@test.com",
    "password": "qwerty",
    "phone": "+123456789",
    "userStatus": 12
}
HTTP/1.1 200 OK
Server: openresty
Date: Wed, 08 Dec 2021 19:54:17 GMT
Content-Type: application/json
Transfer-Encoding: chunked
Connection: keep-alive
Access-Control-Allow-Origin: *
Access-Control-Allow-Methods: GET, POST, DELETE, PUT
Access-Control-Allow-Headers: Content-Type, api_key, Authorization
X-Served-By: swaggerpetstore.przyklady.javastart.pl

{
    "id": 10,
    "username": "EwelinaEwelka",
    "firstName": "Ewa",
    "lastName": "Wicher",
    "email": "ewelka@test.com",
    "password": "qwerty",
    "phone": "+123456789",
    "userStatus": 12
}
]]></system-out>
  </testcase>
</testsuite>