<?xml version="1.0" encoding="UTF-8"?>
<!-- Generated by org.testng.reporters.JUnitReportReporter -->
<testsuite hostname="DESKTOP-PO2LC2G" failures="0" tests="1" name="pl.javastart.restassured.test.user.UserUpdateTests" time="0.491" errors="0" timestamp="2021-12-08T20:54:18 CET" skipped="0">
  <testcase classname="pl.javastart.restassured.test.user.UserUpdateTests" name="givenCorrectUserDataWhenFirstNameLastNameAreUpdatedThenUserDataIsUpdatedTest" time="0.491"/>
  <system-out/>
</testsuite> <!-- pl.javastart.restassured.test.user.UserUpdateTests -->
